Array
(
    [MIBDIRS] => D:/xxamp/php/extras/mibs
    [MYSQL_HOME] => \xampp\mysql\bin
    [OPENSSL_CONF] => D:/xxamp/apache/bin/openssl.cnf
    [PHP_PEAR_SYSCONF_DIR] => \xampp\php
    [PHPRC] => \xampp\php
    [TMP] => \xampp\tmp
    [HTTP_HOST] => localhost
    [HTTP_CONNECTION] => keep-alive
    [HTTP_PRAGMA] => no-cache
    [HTTP_CACHE_CONTROL] => no-cache
    [HTTP_SEC_CH_UA_PLATFORM] => "Windows"
    [HTTP_USER_AGENT] => Mozilla/5.0 (Windows NT 10.0; Win64; x64) AppleWebKit/537.36 (KHTML, like Gecko) Chrome/140.0.0.0 Safari/537.36
    [HTTP_SEC_CH_UA] => "Chromium";v="140", "Not=A?Brand";v="24", "Google Chrome";v="140"
    [HTTP_SEC_CH_UA_MOBILE] => ?0
    [HTTP_ACCEPT] => */*
    [HTTP_ORIGIN] => null
    [HTTP_SEC_FETCH_SITE] => cross-site
    [HTTP_SEC_FETCH_MODE] => cors
    [HTTP_SEC_FETCH_DEST] => empty
    [HTTP_ACCEPT_ENCODING] => gzip, deflate, br, zstd
    [HTTP_ACCEPT_LANGUAGE] => en-US,en;q=0.9
    [PATH] => C:\WINDOWS\system32;C:\WINDOWS;C:\WINDOWS\System32\Wbem;C:\WINDOWS\System32\WindowsPowerShell\v1.0\;C:\WINDOWS\System32\OpenSSH\;C:\TDM-GCC-32\bin;C:\Program Files\dotnet\;C:\Program Files\Microsoft SQL Server\150\Tools\Binn\;C:\Program Files\Git\cmd;C:\Program Files\Microsoft SQL Server\Client SDK\ODBC\170\Tools\Binn\;D:\xxamp;C:\Users\Marnel Macasa\AppData\Local\Programs\Python\Python313\Scripts\;C:\Users\Marnel Macasa\AppData\Local\Programs\Python\Python313\;C:\Users\Marnel Macasa\AppData\Local\Programs\Python\Launcher\;C:\Users\Marnel Macasa\AppData\Local\Microsoft\WindowsApps;C:\Users\Marnel Macasa\AppData\Local\Programs\Microsoft VS Code\bin;C:\Users\Marnel Macasa\.dotnet\tools;D:\Users\OneDrive\Desktop\elec\cs-elec\heroku\bin;D:\xxamp;
    [SystemRoot] => C:\WINDOWS
    [COMSPEC] => C:\WINDOWS\system32\cmd.exe
    [PATHEXT] => .COM;.EXE;.BAT;.CMD;.VBS;.VBE;.JS;.JSE;.WSF;.WSH;.MSC
    [WINDIR] => C:\WINDOWS
    [SERVER_SIGNATURE] => <address>Apache/2.4.58 (Win64) OpenSSL/3.1.3 PHP/8.2.12 Server at localhost Port 80</address>

    [SERVER_SOFTWARE] => Apache/2.4.58 (Win64) OpenSSL/3.1.3 PHP/8.2.12
    [SERVER_NAME] => localhost
    [SERVER_ADDR] => ::1
    [SERVER_PORT] => 80
    [REMOTE_ADDR] => ::1
    [DOCUMENT_ROOT] => D:/xxamp/htdocs
    [REQUEST_SCHEME] => http
    [CONTEXT_PREFIX] => 
    [CONTEXT_DOCUMENT_ROOT] => D:/xxamp/htdocs
    [SERVER_ADMIN] => postmaster@localhost
    [SCRIPT_FILENAME] => D:/xxamp/htdocs/rytm/backend/admin.php
    [REMOTE_PORT] => 50508
    [GATEWAY_INTERFACE] => CGI/1.1
    [SERVER_PROTOCOL] => HTTP/1.1
    [REQUEST_METHOD] => GET
    [QUERY_STRING] => 
    [REQUEST_URI] => /rytm/backend/admin.php
    [SCRIPT_NAME] => /rytm/backend/admin.php
    [PHP_SELF] => /rytm/backend/admin.php
    [REQUEST_TIME_FLOAT] => 1759242144.6736
    [REQUEST_TIME] => 1759242144
)



Array
(
    [MIBDIRS] => D:/xxamp/php/extras/mibs
    [MYSQL_HOME] => \xampp\mysql\bin
    [OPENSSL_CONF] => D:/xxamp/apache/bin/openssl.cnf
    [PHP_PEAR_SYSCONF_DIR] => \xampp\php
    [PHPRC] => \xampp\php
    [TMP] => \xampp\tmp
    [HTTP_HOST] => localhost
    [HTTP_CONNECTION] => keep-alive
    [HTTP_PRAGMA] => no-cache
    [HTTP_CACHE_CONTROL] => no-cache
    [HTTP_SEC_CH_UA_PLATFORM] => "Windows"
    [HTTP_USER_AGENT] => Mozilla/5.0 (Windows NT 10.0; Win64; x64) AppleWebKit/537.36 (KHTML, like Gecko) Chrome/140.0.0.0 Safari/537.36
    [HTTP_SEC_CH_UA] => "Chromium";v="140", "Not=A?Brand";v="24", "Google Chrome";v="140"
    [HTTP_SEC_CH_UA_MOBILE] => ?0
    [HTTP_ACCEPT] => */*
    [HTTP_ORIGIN] => null
    [HTTP_SEC_FETCH_SITE] => cross-site
    [HTTP_SEC_FETCH_MODE] => cors
    [HTTP_SEC_FETCH_DEST] => empty
    [HTTP_ACCEPT_ENCODING] => gzip, deflate, br, zstd
    [HTTP_ACCEPT_LANGUAGE] => en-US,en;q=0.9
    [PATH] => C:\WINDOWS\system32;C:\WINDOWS;C:\WINDOWS\System32\Wbem;C:\WINDOWS\System32\WindowsPowerShell\v1.0\;C:\WINDOWS\System32\OpenSSH\;C:\TDM-GCC-32\bin;C:\Program Files\dotnet\;C:\Program Files\Microsoft SQL Server\150\Tools\Binn\;C:\Program Files\Git\cmd;C:\Program Files\Microsoft SQL Server\Client SDK\ODBC\170\Tools\Binn\;D:\xxamp;C:\Users\Marnel Macasa\AppData\Local\Programs\Python\Python313\Scripts\;C:\Users\Marnel Macasa\AppData\Local\Programs\Python\Python313\;C:\Users\Marnel Macasa\AppData\Local\Programs\Python\Launcher\;C:\Users\Marnel Macasa\AppData\Local\Microsoft\WindowsApps;C:\Users\Marnel Macasa\AppData\Local\Programs\Microsoft VS Code\bin;C:\Users\Marnel Macasa\.dotnet\tools;D:\Users\OneDrive\Desktop\elec\cs-elec\heroku\bin;D:\xxamp;
    [SystemRoot] => C:\WINDOWS
    [COMSPEC] => C:\WINDOWS\system32\cmd.exe
    [PATHEXT] => .COM;.EXE;.BAT;.CMD;.VBS;.VBE;.JS;.JSE;.WSF;.WSH;.MSC
    [WINDIR] => C:\WINDOWS
    [SERVER_SIGNATURE] => <address>Apache/2.4.58 (Win64) OpenSSL/3.1.3 PHP/8.2.12 Server at localhost Port 80</address>

    [SERVER_SOFTWARE] => Apache/2.4.58 (Win64) OpenSSL/3.1.3 PHP/8.2.12
    [SERVER_NAME] => localhost
    [SERVER_ADDR] => ::1
    [SERVER_PORT] => 80
    [REMOTE_ADDR] => ::1
    [DOCUMENT_ROOT] => D:/xxamp/htdocs
    [REQUEST_SCHEME] => http
    [CONTEXT_PREFIX] => 
    [CONTEXT_DOCUMENT_ROOT] => D:/xxamp/htdocs
    [SERVER_ADMIN] => postmaster@localhost
    [SCRIPT_FILENAME] => D:/xxamp/htdocs/rytm/backend/admin.php
    [REMOTE_PORT] => 50508
    [GATEWAY_INTERFACE] => CGI/1.1
    [SERVER_PROTOCOL] => HTTP/1.1
    [REQUEST_METHOD] => GET
    [QUERY_STRING] => 
    [REQUEST_URI] => /rytm/backend/admin.php
    [SCRIPT_NAME] => /rytm/backend/admin.php
    [PHP_SELF] => /rytm/backend/admin.php
    [REQUEST_TIME_FLOAT] => 1759242144.8083
    [REQUEST_TIME] => 1759242144
)



Array
(
    [MIBDIRS] => D:/xxamp/php/extras/mibs
    [MYSQL_HOME] => \xampp\mysql\bin
    [OPENSSL_CONF] => D:/xxamp/apache/bin/openssl.cnf
    [PHP_PEAR_SYSCONF_DIR] => \xampp\php
    [PHPRC] => \xampp\php
    [TMP] => \xampp\tmp
    [HTTP_HOST] => localhost
    [HTTP_CONNECTION] => keep-alive
    [HTTP_SEC_CH_UA_PLATFORM] => "Windows"
    [HTTP_USER_AGENT] => Mozilla/5.0 (Windows NT 10.0; Win64; x64) AppleWebKit/537.36 (KHTML, like Gecko) Chrome/140.0.0.0 Safari/537.36
    [HTTP_SEC_CH_UA] => "Chromium";v="140", "Not=A?Brand";v="24", "Google Chrome";v="140"
    [HTTP_SEC_CH_UA_MOBILE] => ?0
    [HTTP_ACCEPT] => */*
    [HTTP_ORIGIN] => null
    [HTTP_SEC_FETCH_SITE] => cross-site
    [HTTP_SEC_FETCH_MODE] => cors
    [HTTP_SEC_FETCH_DEST] => empty
    [HTTP_ACCEPT_ENCODING] => gzip, deflate, br, zstd
    [HTTP_ACCEPT_LANGUAGE] => en-US,en;q=0.9
    [PATH] => C:\WINDOWS\system32;C:\WINDOWS;C:\WINDOWS\System32\Wbem;C:\WINDOWS\System32\WindowsPowerShell\v1.0\;C:\WINDOWS\System32\OpenSSH\;C:\TDM-GCC-32\bin;C:\Program Files\dotnet\;C:\Program Files\Microsoft SQL Server\150\Tools\Binn\;C:\Program Files\Git\cmd;C:\Program Files\Microsoft SQL Server\Client SDK\ODBC\170\Tools\Binn\;D:\xxamp;C:\Users\Marnel Macasa\AppData\Local\Programs\Python\Python313\Scripts\;C:\Users\Marnel Macasa\AppData\Local\Programs\Python\Python313\;C:\Users\Marnel Macasa\AppData\Local\Programs\Python\Launcher\;C:\Users\Marnel Macasa\AppData\Local\Microsoft\WindowsApps;C:\Users\Marnel Macasa\AppData\Local\Programs\Microsoft VS Code\bin;C:\Users\Marnel Macasa\.dotnet\tools;D:\Users\OneDrive\Desktop\elec\cs-elec\heroku\bin;D:\xxamp;
    [SystemRoot] => C:\WINDOWS
    [COMSPEC] => C:\WINDOWS\system32\cmd.exe
    [PATHEXT] => .COM;.EXE;.BAT;.CMD;.VBS;.VBE;.JS;.JSE;.WSF;.WSH;.MSC
    [WINDIR] => C:\WINDOWS
    [SERVER_SIGNATURE] => <address>Apache/2.4.58 (Win64) OpenSSL/3.1.3 PHP/8.2.12 Server at localhost Port 80</address>

    [SERVER_SOFTWARE] => Apache/2.4.58 (Win64) OpenSSL/3.1.3 PHP/8.2.12
    [SERVER_NAME] => localhost
    [SERVER_ADDR] => ::1
    [SERVER_PORT] => 80
    [REMOTE_ADDR] => ::1
    [DOCUMENT_ROOT] => D:/xxamp/htdocs
    [REQUEST_SCHEME] => http
    [CONTEXT_PREFIX] => 
    [CONTEXT_DOCUMENT_ROOT] => D:/xxamp/htdocs
    [SERVER_ADMIN] => postmaster@localhost
    [SCRIPT_FILENAME] => D:/xxamp/htdocs/rytm/backend/admin.php
    [REMOTE_PORT] => 50508
    [GATEWAY_INTERFACE] => CGI/1.1
    [SERVER_PROTOCOL] => HTTP/1.1
    [REQUEST_METHOD] => GET
    [QUERY_STRING] => 
    [REQUEST_URI] => /rytm/backend/admin.php
    [SCRIPT_NAME] => /rytm/backend/admin.php
    [PHP_SELF] => /rytm/backend/admin.php
    [REQUEST_TIME_FLOAT] => 1759242146.1845
    [REQUEST_TIME] => 1759242146
)



Array
(
    [MIBDIRS] => D:/xxamp/php/extras/mibs
    [MYSQL_HOME] => \xampp\mysql\bin
    [OPENSSL_CONF] => D:/xxamp/apache/bin/openssl.cnf
    [PHP_PEAR_SYSCONF_DIR] => \xampp\php
    [PHPRC] => \xampp\php
    [TMP] => \xampp\tmp
    [HTTP_HOST] => localhost
    [HTTP_CONNECTION] => keep-alive
    [HTTP_PRAGMA] => no-cache
    [HTTP_CACHE_CONTROL] => no-cache
    [HTTP_SEC_CH_UA_PLATFORM] => "Windows"
    [HTTP_USER_AGENT] => Mozilla/5.0 (Windows NT 10.0; Win64; x64) AppleWebKit/537.36 (KHTML, like Gecko) Chrome/140.0.0.0 Safari/537.36
    [HTTP_SEC_CH_UA] => "Chromium";v="140", "Not=A?Brand";v="24", "Google Chrome";v="140"
    [HTTP_SEC_CH_UA_MOBILE] => ?0
    [HTTP_ACCEPT] => */*
    [HTTP_ORIGIN] => null
    [HTTP_SEC_FETCH_SITE] => cross-site
    [HTTP_SEC_FETCH_MODE] => cors
    [HTTP_SEC_FETCH_DEST] => empty
    [HTTP_ACCEPT_ENCODING] => gzip, deflate, br, zstd
    [HTTP_ACCEPT_LANGUAGE] => en-US,en;q=0.9
    [PATH] => C:\WINDOWS\system32;C:\WINDOWS;C:\WINDOWS\System32\Wbem;C:\WINDOWS\System32\WindowsPowerShell\v1.0\;C:\WINDOWS\System32\OpenSSH\;C:\TDM-GCC-32\bin;C:\Program Files\dotnet\;C:\Program Files\Microsoft SQL Server\150\Tools\Binn\;C:\Program Files\Git\cmd;C:\Program Files\Microsoft SQL Server\Client SDK\ODBC\170\Tools\Binn\;D:\xxamp;C:\Users\Marnel Macasa\AppData\Local\Programs\Python\Python313\Scripts\;C:\Users\Marnel Macasa\AppData\Local\Programs\Python\Python313\;C:\Users\Marnel Macasa\AppData\Local\Programs\Python\Launcher\;C:\Users\Marnel Macasa\AppData\Local\Microsoft\WindowsApps;C:\Users\Marnel Macasa\AppData\Local\Programs\Microsoft VS Code\bin;C:\Users\Marnel Macasa\.dotnet\tools;D:\Users\OneDrive\Desktop\elec\cs-elec\heroku\bin;D:\xxamp;
    [SystemRoot] => C:\WINDOWS
    [COMSPEC] => C:\WINDOWS\system32\cmd.exe
    [PATHEXT] => .COM;.EXE;.BAT;.CMD;.VBS;.VBE;.JS;.JSE;.WSF;.WSH;.MSC
    [WINDIR] => C:\WINDOWS
    [SERVER_SIGNATURE] => <address>Apache/2.4.58 (Win64) OpenSSL/3.1.3 PHP/8.2.12 Server at localhost Port 80</address>

    [SERVER_SOFTWARE] => Apache/2.4.58 (Win64) OpenSSL/3.1.3 PHP/8.2.12
    [SERVER_NAME] => localhost
    [SERVER_ADDR] => ::1
    [SERVER_PORT] => 80
    [REMOTE_ADDR] => ::1
    [DOCUMENT_ROOT] => D:/xxamp/htdocs
    [REQUEST_SCHEME] => http
    [CONTEXT_PREFIX] => 
    [CONTEXT_DOCUMENT_ROOT] => D:/xxamp/htdocs
    [SERVER_ADMIN] => postmaster@localhost
    [SCRIPT_FILENAME] => D:/xxamp/htdocs/rytm/backend/admin.php
    [REMOTE_PORT] => 57049
    [GATEWAY_INTERFACE] => CGI/1.1
    [SERVER_PROTOCOL] => HTTP/1.1
    [REQUEST_METHOD] => GET
    [QUERY_STRING] => 
    [REQUEST_URI] => /rytm/backend/admin.php
    [SCRIPT_NAME] => /rytm/backend/admin.php
    [PHP_SELF] => /rytm/backend/admin.php
    [REQUEST_TIME_FLOAT] => 1759242279.5514
    [REQUEST_TIME] => 1759242279
)



Array
(
    [MIBDIRS] => D:/xxamp/php/extras/mibs
    [MYSQL_HOME] => \xampp\mysql\bin
    [OPENSSL_CONF] => D:/xxamp/apache/bin/openssl.cnf
    [PHP_PEAR_SYSCONF_DIR] => \xampp\php
    [PHPRC] => \xampp\php
    [TMP] => \xampp\tmp
    [HTTP_HOST] => localhost
    [HTTP_CONNECTION] => keep-alive
    [HTTP_PRAGMA] => no-cache
    [HTTP_CACHE_CONTROL] => no-cache
    [HTTP_SEC_CH_UA_PLATFORM] => "Windows"
    [HTTP_USER_AGENT] => Mozilla/5.0 (Windows NT 10.0; Win64; x64) AppleWebKit/537.36 (KHTML, like Gecko) Chrome/140.0.0.0 Safari/537.36
    [HTTP_SEC_CH_UA] => "Chromium";v="140", "Not=A?Brand";v="24", "Google Chrome";v="140"
    [HTTP_SEC_CH_UA_MOBILE] => ?0
    [HTTP_ACCEPT] => */*
    [HTTP_ORIGIN] => null
    [HTTP_SEC_FETCH_SITE] => cross-site
    [HTTP_SEC_FETCH_MODE] => cors
    [HTTP_SEC_FETCH_DEST] => empty
    [HTTP_ACCEPT_ENCODING] => gzip, deflate, br, zstd
    [HTTP_ACCEPT_LANGUAGE] => en-US,en;q=0.9
    [PATH] => C:\WINDOWS\system32;C:\WINDOWS;C:\WINDOWS\System32\Wbem;C:\WINDOWS\System32\WindowsPowerShell\v1.0\;C:\WINDOWS\System32\OpenSSH\;C:\TDM-GCC-32\bin;C:\Program Files\dotnet\;C:\Program Files\Microsoft SQL Server\150\Tools\Binn\;C:\Program Files\Git\cmd;C:\Program Files\Microsoft SQL Server\Client SDK\ODBC\170\Tools\Binn\;D:\xxamp;C:\Users\Marnel Macasa\AppData\Local\Programs\Python\Python313\Scripts\;C:\Users\Marnel Macasa\AppData\Local\Programs\Python\Python313\;C:\Users\Marnel Macasa\AppData\Local\Programs\Python\Launcher\;C:\Users\Marnel Macasa\AppData\Local\Microsoft\WindowsApps;C:\Users\Marnel Macasa\AppData\Local\Programs\Microsoft VS Code\bin;C:\Users\Marnel Macasa\.dotnet\tools;D:\Users\OneDrive\Desktop\elec\cs-elec\heroku\bin;D:\xxamp;
    [SystemRoot] => C:\WINDOWS
    [COMSPEC] => C:\WINDOWS\system32\cmd.exe
    [PATHEXT] => .COM;.EXE;.BAT;.CMD;.VBS;.VBE;.JS;.JSE;.WSF;.WSH;.MSC
    [WINDIR] => C:\WINDOWS
    [SERVER_SIGNATURE] => <address>Apache/2.4.58 (Win64) OpenSSL/3.1.3 PHP/8.2.12 Server at localhost Port 80</address>

    [SERVER_SOFTWARE] => Apache/2.4.58 (Win64) OpenSSL/3.1.3 PHP/8.2.12
    [SERVER_NAME] => localhost
    [SERVER_ADDR] => ::1
    [SERVER_PORT] => 80
    [REMOTE_ADDR] => ::1
    [DOCUMENT_ROOT] => D:/xxamp/htdocs
    [REQUEST_SCHEME] => http
    [CONTEXT_PREFIX] => 
    [CONTEXT_DOCUMENT_ROOT] => D:/xxamp/htdocs
    [SERVER_ADMIN] => postmaster@localhost
    [SCRIPT_FILENAME] => D:/xxamp/htdocs/rytm/backend/admin.php
    [REMOTE_PORT] => 57049
    [GATEWAY_INTERFACE] => CGI/1.1
    [SERVER_PROTOCOL] => HTTP/1.1
    [REQUEST_METHOD] => GET
    [QUERY_STRING] => 
    [REQUEST_URI] => /rytm/backend/admin.php
    [SCRIPT_NAME] => /rytm/backend/admin.php
    [PHP_SELF] => /rytm/backend/admin.php
    [REQUEST_TIME_FLOAT] => 1759242279.7185
    [REQUEST_TIME] => 1759242279
)



Array
(
    [MIBDIRS] => D:/xxamp/php/extras/mibs
    [MYSQL_HOME] => \xampp\mysql\bin
    [OPENSSL_CONF] => D:/xxamp/apache/bin/openssl.cnf
    [PHP_PEAR_SYSCONF_DIR] => \xampp\php
    [PHPRC] => \xampp\php
    [TMP] => \xampp\tmp
    [HTTP_HOST] => localhost
    [HTTP_CONNECTION] => keep-alive
    [HTTP_SEC_CH_UA_PLATFORM] => "Windows"
    [HTTP_USER_AGENT] => Mozilla/5.0 (Windows NT 10.0; Win64; x64) AppleWebKit/537.36 (KHTML, like Gecko) Chrome/140.0.0.0 Safari/537.36
    [HTTP_SEC_CH_UA] => "Chromium";v="140", "Not=A?Brand";v="24", "Google Chrome";v="140"
    [HTTP_SEC_CH_UA_MOBILE] => ?0
    [HTTP_ACCEPT] => */*
    [HTTP_ORIGIN] => null
    [HTTP_SEC_FETCH_SITE] => cross-site
    [HTTP_SEC_FETCH_MODE] => cors
    [HTTP_SEC_FETCH_DEST] => empty
    [HTTP_ACCEPT_ENCODING] => gzip, deflate, br, zstd
    [HTTP_ACCEPT_LANGUAGE] => en-US,en;q=0.9
    [PATH] => C:\WINDOWS\system32;C:\WINDOWS;C:\WINDOWS\System32\Wbem;C:\WINDOWS\System32\WindowsPowerShell\v1.0\;C:\WINDOWS\System32\OpenSSH\;C:\TDM-GCC-32\bin;C:\Program Files\dotnet\;C:\Program Files\Microsoft SQL Server\150\Tools\Binn\;C:\Program Files\Git\cmd;C:\Program Files\Microsoft SQL Server\Client SDK\ODBC\170\Tools\Binn\;D:\xxamp;C:\Users\Marnel Macasa\AppData\Local\Programs\Python\Python313\Scripts\;C:\Users\Marnel Macasa\AppData\Local\Programs\Python\Python313\;C:\Users\Marnel Macasa\AppData\Local\Programs\Python\Launcher\;C:\Users\Marnel Macasa\AppData\Local\Microsoft\WindowsApps;C:\Users\Marnel Macasa\AppData\Local\Programs\Microsoft VS Code\bin;C:\Users\Marnel Macasa\.dotnet\tools;D:\Users\OneDrive\Desktop\elec\cs-elec\heroku\bin;D:\xxamp;
    [SystemRoot] => C:\WINDOWS
    [COMSPEC] => C:\WINDOWS\system32\cmd.exe
    [PATHEXT] => .COM;.EXE;.BAT;.CMD;.VBS;.VBE;.JS;.JSE;.WSF;.WSH;.MSC
    [WINDIR] => C:\WINDOWS
    [SERVER_SIGNATURE] => <address>Apache/2.4.58 (Win64) OpenSSL/3.1.3 PHP/8.2.12 Server at localhost Port 80</address>

    [SERVER_SOFTWARE] => Apache/2.4.58 (Win64) OpenSSL/3.1.3 PHP/8.2.12
    [SERVER_NAME] => localhost
    [SERVER_ADDR] => ::1
    [SERVER_PORT] => 80
    [REMOTE_ADDR] => ::1
    [DOCUMENT_ROOT] => D:/xxamp/htdocs
    [REQUEST_SCHEME] => http
    [CONTEXT_PREFIX] => 
    [CONTEXT_DOCUMENT_ROOT] => D:/xxamp/htdocs
    [SERVER_ADMIN] => postmaster@localhost
    [SCRIPT_FILENAME] => D:/xxamp/htdocs/rytm/backend/admin.php
    [REMOTE_PORT] => 57049
    [GATEWAY_INTERFACE] => CGI/1.1
    [SERVER_PROTOCOL] => HTTP/1.1
    [REQUEST_METHOD] => GET
    [QUERY_STRING] => 
    [REQUEST_URI] => /rytm/backend/admin.php
    [SCRIPT_NAME] => /rytm/backend/admin.php
    [PHP_SELF] => /rytm/backend/admin.php
    [REQUEST_TIME_FLOAT] => 1759242281.0753
    [REQUEST_TIME] => 1759242281
)



Array
(
    [MIBDIRS] => D:/xxamp/php/extras/mibs
    [MYSQL_HOME] => \xampp\mysql\bin
    [OPENSSL_CONF] => D:/xxamp/apache/bin/openssl.cnf
    [PHP_PEAR_SYSCONF_DIR] => \xampp\php
    [PHPRC] => \xampp\php
    [TMP] => \xampp\tmp
    [HTTP_HOST] => localhost
    [HTTP_CONNECTION] => keep-alive
    [HTTP_PRAGMA] => no-cache
    [HTTP_CACHE_CONTROL] => no-cache
    [HTTP_SEC_CH_UA_PLATFORM] => "Windows"
    [HTTP_USER_AGENT] => Mozilla/5.0 (Windows NT 10.0; Win64; x64) AppleWebKit/537.36 (KHTML, like Gecko) Chrome/140.0.0.0 Safari/537.36
    [HTTP_SEC_CH_UA] => "Chromium";v="140", "Not=A?Brand";v="24", "Google Chrome";v="140"
    [HTTP_SEC_CH_UA_MOBILE] => ?0
    [HTTP_ACCEPT] => */*
    [HTTP_ORIGIN] => null
    [HTTP_SEC_FETCH_SITE] => cross-site
    [HTTP_SEC_FETCH_MODE] => cors
    [HTTP_SEC_FETCH_DEST] => empty
    [HTTP_ACCEPT_ENCODING] => gzip, deflate, br, zstd
    [HTTP_ACCEPT_LANGUAGE] => en-US,en;q=0.9
    [PATH] => C:\WINDOWS\system32;C:\WINDOWS;C:\WINDOWS\System32\Wbem;C:\WINDOWS\System32\WindowsPowerShell\v1.0\;C:\WINDOWS\System32\OpenSSH\;C:\TDM-GCC-32\bin;C:\Program Files\dotnet\;C:\Program Files\Microsoft SQL Server\150\Tools\Binn\;C:\Program Files\Git\cmd;C:\Program Files\Microsoft SQL Server\Client SDK\ODBC\170\Tools\Binn\;D:\xxamp;C:\Users\Marnel Macasa\AppData\Local\Programs\Python\Python313\Scripts\;C:\Users\Marnel Macasa\AppData\Local\Programs\Python\Python313\;C:\Users\Marnel Macasa\AppData\Local\Programs\Python\Launcher\;C:\Users\Marnel Macasa\AppData\Local\Microsoft\WindowsApps;C:\Users\Marnel Macasa\AppData\Local\Programs\Microsoft VS Code\bin;C:\Users\Marnel Macasa\.dotnet\tools;D:\Users\OneDrive\Desktop\elec\cs-elec\heroku\bin;D:\xxamp;
    [SystemRoot] => C:\WINDOWS
    [COMSPEC] => C:\WINDOWS\system32\cmd.exe
    [PATHEXT] => .COM;.EXE;.BAT;.CMD;.VBS;.VBE;.JS;.JSE;.WSF;.WSH;.MSC
    [WINDIR] => C:\WINDOWS
    [SERVER_SIGNATURE] => <address>Apache/2.4.58 (Win64) OpenSSL/3.1.3 PHP/8.2.12 Server at localhost Port 80</address>

    [SERVER_SOFTWARE] => Apache/2.4.58 (Win64) OpenSSL/3.1.3 PHP/8.2.12
    [SERVER_NAME] => localhost
    [SERVER_ADDR] => ::1
    [SERVER_PORT] => 80
    [REMOTE_ADDR] => ::1
    [DOCUMENT_ROOT] => D:/xxamp/htdocs
    [REQUEST_SCHEME] => http
    [CONTEXT_PREFIX] => 
    [CONTEXT_DOCUMENT_ROOT] => D:/xxamp/htdocs
    [SERVER_ADMIN] => postmaster@localhost
    [SCRIPT_FILENAME] => D:/xxamp/htdocs/rytm/backend/admin.php
    [REMOTE_PORT] => 56979
    [GATEWAY_INTERFACE] => CGI/1.1
    [SERVER_PROTOCOL] => HTTP/1.1
    [REQUEST_METHOD] => GET
    [QUERY_STRING] => 
    [REQUEST_URI] => /rytm/backend/admin.php
    [SCRIPT_NAME] => /rytm/backend/admin.php
    [PHP_SELF] => /rytm/backend/admin.php
    [REQUEST_TIME_FLOAT] => 1759243930.2473
    [REQUEST_TIME] => 1759243930
)



Array
(
    [MIBDIRS] => D:/xxamp/php/extras/mibs
    [MYSQL_HOME] => \xampp\mysql\bin
    [OPENSSL_CONF] => D:/xxamp/apache/bin/openssl.cnf
    [PHP_PEAR_SYSCONF_DIR] => \xampp\php
    [PHPRC] => \xampp\php
    [TMP] => \xampp\tmp
    [HTTP_HOST] => localhost
    [HTTP_CONNECTION] => keep-alive
    [HTTP_PRAGMA] => no-cache
    [HTTP_CACHE_CONTROL] => no-cache
    [HTTP_SEC_CH_UA_PLATFORM] => "Windows"
    [HTTP_USER_AGENT] => Mozilla/5.0 (Windows NT 10.0; Win64; x64) AppleWebKit/537.36 (KHTML, like Gecko) Chrome/140.0.0.0 Safari/537.36
    [HTTP_SEC_CH_UA] => "Chromium";v="140", "Not=A?Brand";v="24", "Google Chrome";v="140"
    [HTTP_SEC_CH_UA_MOBILE] => ?0
    [HTTP_ACCEPT] => */*
    [HTTP_ORIGIN] => null
    [HTTP_SEC_FETCH_SITE] => cross-site
    [HTTP_SEC_FETCH_MODE] => cors
    [HTTP_SEC_FETCH_DEST] => empty
    [HTTP_ACCEPT_ENCODING] => gzip, deflate, br, zstd
    [HTTP_ACCEPT_LANGUAGE] => en-US,en;q=0.9
    [PATH] => C:\WINDOWS\system32;C:\WINDOWS;C:\WINDOWS\System32\Wbem;C:\WINDOWS\System32\WindowsPowerShell\v1.0\;C:\WINDOWS\System32\OpenSSH\;C:\TDM-GCC-32\bin;C:\Program Files\dotnet\;C:\Program Files\Microsoft SQL Server\150\Tools\Binn\;C:\Program Files\Git\cmd;C:\Program Files\Microsoft SQL Server\Client SDK\ODBC\170\Tools\Binn\;D:\xxamp;C:\Users\Marnel Macasa\AppData\Local\Programs\Python\Python313\Scripts\;C:\Users\Marnel Macasa\AppData\Local\Programs\Python\Python313\;C:\Users\Marnel Macasa\AppData\Local\Programs\Python\Launcher\;C:\Users\Marnel Macasa\AppData\Local\Microsoft\WindowsApps;C:\Users\Marnel Macasa\AppData\Local\Programs\Microsoft VS Code\bin;C:\Users\Marnel Macasa\.dotnet\tools;D:\Users\OneDrive\Desktop\elec\cs-elec\heroku\bin;D:\xxamp;
    [SystemRoot] => C:\WINDOWS
    [COMSPEC] => C:\WINDOWS\system32\cmd.exe
    [PATHEXT] => .COM;.EXE;.BAT;.CMD;.VBS;.VBE;.JS;.JSE;.WSF;.WSH;.MSC
    [WINDIR] => C:\WINDOWS
    [SERVER_SIGNATURE] => <address>Apache/2.4.58 (Win64) OpenSSL/3.1.3 PHP/8.2.12 Server at localhost Port 80</address>

    [SERVER_SOFTWARE] => Apache/2.4.58 (Win64) OpenSSL/3.1.3 PHP/8.2.12
    [SERVER_NAME] => localhost
    [SERVER_ADDR] => ::1
    [SERVER_PORT] => 80
    [REMOTE_ADDR] => ::1
    [DOCUMENT_ROOT] => D:/xxamp/htdocs
    [REQUEST_SCHEME] => http
    [CONTEXT_PREFIX] => 
    [CONTEXT_DOCUMENT_ROOT] => D:/xxamp/htdocs
    [SERVER_ADMIN] => postmaster@localhost
    [SCRIPT_FILENAME] => D:/xxamp/htdocs/rytm/backend/admin.php
    [REMOTE_PORT] => 56979
    [GATEWAY_INTERFACE] => CGI/1.1
    [SERVER_PROTOCOL] => HTTP/1.1
    [REQUEST_METHOD] => GET
    [QUERY_STRING] => 
    [REQUEST_URI] => /rytm/backend/admin.php
    [SCRIPT_NAME] => /rytm/backend/admin.php
    [PHP_SELF] => /rytm/backend/admin.php
    [REQUEST_TIME_FLOAT] => 1759243930.4524
    [REQUEST_TIME] => 1759243930
)



Array
(
    [MIBDIRS] => D:/xxamp/php/extras/mibs
    [MYSQL_HOME] => \xampp\mysql\bin
    [OPENSSL_CONF] => D:/xxamp/apache/bin/openssl.cnf
    [PHP_PEAR_SYSCONF_DIR] => \xampp\php
    [PHPRC] => \xampp\php
    [TMP] => \xampp\tmp
    [HTTP_HOST] => localhost
    [HTTP_CONNECTION] => keep-alive
    [HTTP_SEC_CH_UA_PLATFORM] => "Windows"
    [HTTP_USER_AGENT] => Mozilla/5.0 (Windows NT 10.0; Win64; x64) AppleWebKit/537.36 (KHTML, like Gecko) Chrome/140.0.0.0 Safari/537.36
    [HTTP_SEC_CH_UA] => "Chromium";v="140", "Not=A?Brand";v="24", "Google Chrome";v="140"
    [HTTP_SEC_CH_UA_MOBILE] => ?0
    [HTTP_ACCEPT] => */*
    [HTTP_ORIGIN] => null
    [HTTP_SEC_FETCH_SITE] => cross-site
    [HTTP_SEC_FETCH_MODE] => cors
    [HTTP_SEC_FETCH_DEST] => empty
    [HTTP_ACCEPT_ENCODING] => gzip, deflate, br, zstd
    [HTTP_ACCEPT_LANGUAGE] => en-US,en;q=0.9
    [PATH] => C:\WINDOWS\system32;C:\WINDOWS;C:\WINDOWS\System32\Wbem;C:\WINDOWS\System32\WindowsPowerShell\v1.0\;C:\WINDOWS\System32\OpenSSH\;C:\TDM-GCC-32\bin;C:\Program Files\dotnet\;C:\Program Files\Microsoft SQL Server\150\Tools\Binn\;C:\Program Files\Git\cmd;C:\Program Files\Microsoft SQL Server\Client SDK\ODBC\170\Tools\Binn\;D:\xxamp;C:\Users\Marnel Macasa\AppData\Local\Programs\Python\Python313\Scripts\;C:\Users\Marnel Macasa\AppData\Local\Programs\Python\Python313\;C:\Users\Marnel Macasa\AppData\Local\Programs\Python\Launcher\;C:\Users\Marnel Macasa\AppData\Local\Microsoft\WindowsApps;C:\Users\Marnel Macasa\AppData\Local\Programs\Microsoft VS Code\bin;C:\Users\Marnel Macasa\.dotnet\tools;D:\Users\OneDrive\Desktop\elec\cs-elec\heroku\bin;D:\xxamp;
    [SystemRoot] => C:\WINDOWS
    [COMSPEC] => C:\WINDOWS\system32\cmd.exe
    [PATHEXT] => .COM;.EXE;.BAT;.CMD;.VBS;.VBE;.JS;.JSE;.WSF;.WSH;.MSC
    [WINDIR] => C:\WINDOWS
    [SERVER_SIGNATURE] => <address>Apache/2.4.58 (Win64) OpenSSL/3.1.3 PHP/8.2.12 Server at localhost Port 80</address>

    [SERVER_SOFTWARE] => Apache/2.4.58 (Win64) OpenSSL/3.1.3 PHP/8.2.12
    [SERVER_NAME] => localhost
    [SERVER_ADDR] => ::1
    [SERVER_PORT] => 80
    [REMOTE_ADDR] => ::1
    [DOCUMENT_ROOT] => D:/xxamp/htdocs
    [REQUEST_SCHEME] => http
    [CONTEXT_PREFIX] => 
    [CONTEXT_DOCUMENT_ROOT] => D:/xxamp/htdocs
    [SERVER_ADMIN] => postmaster@localhost
    [SCRIPT_FILENAME] => D:/xxamp/htdocs/rytm/backend/admin.php
    [REMOTE_PORT] => 56979
    [GATEWAY_INTERFACE] => CGI/1.1
    [SERVER_PROTOCOL] => HTTP/1.1
    [REQUEST_METHOD] => GET
    [QUERY_STRING] => 
    [REQUEST_URI] => /rytm/backend/admin.php
    [SCRIPT_NAME] => /rytm/backend/admin.php
    [PHP_SELF] => /rytm/backend/admin.php
    [REQUEST_TIME_FLOAT] => 1759243932.057
    [REQUEST_TIME] => 1759243932
)



Array
(
    [MIBDIRS] => D:/xxamp/php/extras/mibs
    [MYSQL_HOME] => \xampp\mysql\bin
    [OPENSSL_CONF] => D:/xxamp/apache/bin/openssl.cnf
    [PHP_PEAR_SYSCONF_DIR] => \xampp\php
    [PHPRC] => \xampp\php
    [TMP] => \xampp\tmp
    [HTTP_HOST] => localhost
    [HTTP_CONNECTION] => keep-alive
    [CONTENT_LENGTH] => 9
    [HTTP_SEC_CH_UA_PLATFORM] => "Windows"
    [HTTP_USER_AGENT] => Mozilla/5.0 (Windows NT 10.0; Win64; x64) AppleWebKit/537.36 (KHTML, like Gecko) Chrome/140.0.0.0 Safari/537.36
    [HTTP_SEC_CH_UA] => "Chromium";v="140", "Not=A?Brand";v="24", "Google Chrome";v="140"
    [CONTENT_TYPE] => application/json
    [HTTP_SEC_CH_UA_MOBILE] => ?0
    [HTTP_ACCEPT] => */*
    [HTTP_ORIGIN] => null
    [HTTP_SEC_FETCH_SITE] => cross-site
    [HTTP_SEC_FETCH_MODE] => cors
    [HTTP_SEC_FETCH_DEST] => empty
    [HTTP_ACCEPT_ENCODING] => gzip, deflate, br, zstd
    [HTTP_ACCEPT_LANGUAGE] => en-US,en;q=0.9
    [PATH] => C:\WINDOWS\system32;C:\WINDOWS;C:\WINDOWS\System32\Wbem;C:\WINDOWS\System32\WindowsPowerShell\v1.0\;C:\WINDOWS\System32\OpenSSH\;C:\TDM-GCC-32\bin;C:\Program Files\dotnet\;C:\Program Files\Microsoft SQL Server\150\Tools\Binn\;C:\Program Files\Git\cmd;C:\Program Files\Microsoft SQL Server\Client SDK\ODBC\170\Tools\Binn\;D:\xxamp;C:\Users\Marnel Macasa\AppData\Local\Programs\Python\Python313\Scripts\;C:\Users\Marnel Macasa\AppData\Local\Programs\Python\Python313\;C:\Users\Marnel Macasa\AppData\Local\Programs\Python\Launcher\;C:\Users\Marnel Macasa\AppData\Local\Microsoft\WindowsApps;C:\Users\Marnel Macasa\AppData\Local\Programs\Microsoft VS Code\bin;C:\Users\Marnel Macasa\.dotnet\tools;D:\Users\OneDrive\Desktop\elec\cs-elec\heroku\bin;D:\xxamp;
    [SystemRoot] => C:\WINDOWS
    [COMSPEC] => C:\WINDOWS\system32\cmd.exe
    [PATHEXT] => .COM;.EXE;.BAT;.CMD;.VBS;.VBE;.JS;.JSE;.WSF;.WSH;.MSC
    [WINDIR] => C:\WINDOWS
    [SERVER_SIGNATURE] => <address>Apache/2.4.58 (Win64) OpenSSL/3.1.3 PHP/8.2.12 Server at localhost Port 80</address>

    [SERVER_SOFTWARE] => Apache/2.4.58 (Win64) OpenSSL/3.1.3 PHP/8.2.12
    [SERVER_NAME] => localhost
    [SERVER_ADDR] => ::1
    [SERVER_PORT] => 80
    [REMOTE_ADDR] => ::1
    [DOCUMENT_ROOT] => D:/xxamp/htdocs
    [REQUEST_SCHEME] => http
    [CONTEXT_PREFIX] => 
    [CONTEXT_DOCUMENT_ROOT] => D:/xxamp/htdocs
    [SERVER_ADMIN] => postmaster@localhost
    [SCRIPT_FILENAME] => D:/xxamp/htdocs/rytm/backend/admin.php
    [REMOTE_PORT] => 56979
    [GATEWAY_INTERFACE] => CGI/1.1
    [SERVER_PROTOCOL] => HTTP/1.1
    [REQUEST_METHOD] => DELETE
    [QUERY_STRING] => 
    [REQUEST_URI] => /rytm/backend/admin.php
    [SCRIPT_NAME] => /rytm/backend/admin.php
    [PHP_SELF] => /rytm/backend/admin.php
    [REQUEST_TIME_FLOAT] => 1759243935.9794
    [REQUEST_TIME] => 1759243935
)

{"id":17}

